<?xml version="1.0" encoding="UTF-8"?>
<Site BuildName="(empty)"
	BuildStamp="20240504-1437-Experimental"
	Name="AnhTungNguyen"
	Generator="ctest-3.16.3"
	CompilerName="/usr/bin/c++"
	CompilerVersion="9.4.0"
	OSName="Linux"
	Hostname="AnhTungNguyen"
	OSRelease="5.10.16.3-microsoft-standard-WSL2"
	OSVersion="#1 SMP Fri Apr 2 22:23:49 UTC 2021"
	OSPlatform="x86_64"
	Is64Bits="1"
	VendorString="AuthenticAMD"
	VendorID="Advanced Micro Devices"
	FamilyID="25"
	ModelID="80"
	ProcessorCacheSize="512"
	NumberOfLogicalCPU="16"
	NumberOfPhysicalCPU="8"
	TotalVirtualMemory="2048"
	TotalPhysicalMemory="7880"
	LogicalProcessorsPerPhysical="2"
	ProcessorClockFrequency="3193.88"
	>
	<Testing>
		<StartDateTime>May 05 02:09 AEST</StartDateTime>
		<StartTestTime>1714838942</StartTestTime>
		<TestList/>
		<EndDateTime>May 05 02:09 AEST</EndDateTime>
		<EndTestTime>1714838942</EndTestTime>
		<ElapsedMinutes>0</ElapsedMinutes>
	</Testing>
</Site>
